{
  "RSpec": {
    "coverage": {
      "/Users/elishkaflint/Projects/rock-paper-scissors/app.rb": [
        1,
        1,
        null,
        null,
        1,
        null,
        1,
        1,
        1,
        1,
        null,
        null,
        1,
        35,
        null,
        null,
        1,
        10,
        null,
        null,
        1,
        9,
        9,
        null,
        null,
        1,
        7,
        null,
        null,
        1,
        5,
        5,
        4,
        1,
        null,
        4,
        null,
        null,
        1,
        1,
        null,
        null,
        1,
        2,
        2,
        1,
        1,
        null,
        1,
        null,
        null,
        1,
        1,
        null,
        null,
        null
      ],
      "/Users/elishkaflint/Projects/rock-paper-scissors/lib/game.rb": [
        1,
        null,
        1,
        null,
        1,
        null,
        1,
        9,
        null,
        null,
        1,
        35,
        null,
        null,
        1,
        18,
        18,
        null,
        null,
        1,
        18,
        null,
        null,
        1,
        15,
        null,
        null,
        1,
        16,
        null,
        null,
        1,
        6,
        6,
        1,
        5,
        4,
        1,
        null,
        null,
        null,
        null
      ],
      "/Users/elishkaflint/Projects/rock-paper-scissors/lib/move.rb": [
        1,
        null,
        1,
        null,
        1,
        10,
        10,
        null,
        null,
        1,
        8,
        null,
        null,
        null
      ],
      "/Users/elishkaflint/Projects/rock-paper-scissors/spec/features/feature_spec.rb": [
        1,
        null,
        1,
        null,
        1,
        1,
        1,
        null,
        null,
        1,
        1,
        1,
        null,
        null,
        1,
        1,
        1,
        null,
        null,
        null,
        null,
        1,
        null,
        1,
        1,
        1,
        1,
        null,
        null,
        1,
        1,
        1,
        1,
        null,
        null,
        1,
        1,
        1,
        1,
        1,
        1,
        null,
        null,
        null,
        null,
        1,
        null,
        1,
        1,
        1,
        1,
        1,
        null,
        null,
        1,
        1,
        1,
        1,
        1,
        null,
        null,
        1,
        1,
        1,
        1,
        1,
        1,
        1,
        null,
        null,
        null,
        null,
        1,
        null,
        1,
        1,
        1,
        1,
        1,
        1,
        null,
        null,
        null
      ],
      "/Users/elishkaflint/Projects/rock-paper-scissors/spec/features/web_helpers.rb": [
        1,
        9,
        9,
        9,
        9,
        null,
        null,
        1,
        7,
        null,
        null,
        1,
        4,
        4,
        null,
        null,
        1,
        1,
        1,
        null,
        null,
        1,
        2,
        2,
        null
      ],
      "/Users/elishkaflint/Projects/rock-paper-scissors/spec/game_spec.rb": [
        1,
        null,
        1,
        null,
        10,
        10,
        10,
        6,
        3,
        4,
        null,
        1,
        null,
        1,
        1,
        null,
        null,
        1,
        1,
        null,
        null,
        1,
        1,
        null,
        null,
        null,
        null,
        1,
        null,
        1,
        1,
        1,
        null,
        null,
        null,
        null,
        1,
        null,
        1,
        1,
        1,
        1,
        1,
        null,
        null,
        null,
        1,
        1,
        1,
        1,
        1,
        null,
        null,
        null,
        1,
        1,
        1,
        1,
        1,
        null,
        null,
        null,
        1,
        1,
        1,
        1,
        1,
        null,
        null,
        null,
        1,
        1,
        1,
        1,
        1,
        null,
        null,
        null,
        null,
        null,
        null
      ],
      "/Users/elishkaflint/Projects/rock-paper-scissors/spec/move_spec.rb": [
        1,
        null,
        1,
        null,
        3,
        3,
        null,
        1,
        1,
        1,
        null,
        1,
        1,
        null,
        null,
        null,
        1,
        1,
        1,
        1,
        null,
        null,
        null,
        null,
        null
      ]
    },
    "timestamp": 1530470231
  }
}
