{
  "RSpec": {
    "coverage": {
      "/Users/ccs/Dropbox/Projects/Week3/rps-challenge/spec/web_helpers.rb": [
        1,
        10,
        10,
        10,
        null,
        null,
        1,
        7,
        7,
        null,
        null,
        1,
        1,
        1,
        null,
        null,
        1,
        4,
        4,
        null
      ],
      "/Users/ccs/Dropbox/Projects/Week3/rps-challenge/spec/features/game_mechanics_spec.rb": [
        1,
        null,
        1,
        8,
        null,
        null,
        null,
        null,
        null,
        null,
        1,
        1,
        1,
        1,
        null,
        null,
        null,
        null,
        null,
        null,
        1,
        1,
        1,
        1,
        null,
        null,
        null,
        null,
        null,
        null,
        1,
        1,
        1,
        1,
        null,
        null,
        1,
        1,
        1,
        1,
        null,
        null,
        1,
        1,
        1,
        1,
        null,
        null,
        null,
        null,
        null,
        null,
        1,
        1,
        1,
        1,
        null,
        null,
        null,
        null,
        null,
        null,
        1,
        1,
        4,
        1,
        null,
        null,
        null,
        null,
        null,
        null,
        1,
        1,
        4,
        1,
        null,
        null,
        null
      ],
      "/Users/ccs/Dropbox/Projects/Week3/rps-challenge/spec/features/game_start_spec.rb": [
        1,
        null,
        null,
        null,
        null,
        null,
        1,
        1,
        1,
        null,
        null,
        null,
        null,
        null,
        null,
        1,
        1,
        1,
        null,
        null,
        null
      ],
      "/Users/ccs/Dropbox/Projects/Week3/rps-challenge/spec/units/game_spec.rb": [
        1,
        null,
        1,
        null,
        8,
        8,
        8,
        8,
        8,
        null,
        1,
        7,
        7,
        null,
        null,
        1,
        1,
        1,
        null,
        null,
        null,
        1,
        1,
        1,
        null,
        null,
        null,
        1,
        1,
        1,
        1,
        null,
        null,
        1,
        1,
        1,
        null,
        null,
        null,
        1,
        1,
        1,
        1,
        null,
        null,
        null,
        1,
        1,
        2,
        1,
        1,
        null,
        null,
        1,
        2,
        2,
        1,
        null,
        null,
        null,
        null
      ],
      "/Users/ccs/Dropbox/Projects/Week3/rps-challenge/spec/units/player_spec.rb": [
        1,
        null,
        1,
        null,
        4,
        4,
        null,
        1,
        1,
        1,
        null,
        null,
        null,
        1,
        1,
        1,
        null,
        null,
        null,
        1,
        1,
        1,
        1,
        null,
        null,
        null,
        null
      ],
      "/Users/ccs/Dropbox/Projects/Week3/rps-challenge/spec/units/turn_spec.rb": [
        1,
        null,
        1,
        null,
        5,
        5,
        5,
        null,
        1,
        1,
        1,
        null,
        null,
        1,
        2,
        1,
        null,
        null,
        1,
        2,
        1,
        null,
        null,
        null,
        1,
        1,
        1,
        1,
        null,
        null,
        null
      ]
    },
    "timestamp": 1450038646
  }
}
